0 info it worked if it ends with ok
1 verbose cli [ 'nodejs', '/usr/bin/npm', 'install' ]
2 info using npm@1.1.49
3 info using node@v0.8.7
4 verbose read json /home/yuki/Projects/finalfaggotsy/package.json
5 verbose readDependencies using package.json deps
6 verbose install where, deps [ '/home/yuki/Projects/finalfaggotsy',
6 verbose install   [ 'underscore',
6 verbose install     'backbone',
6 verbose install     'redis',
6 verbose install     'socket.io',
6 verbose install     'db-mysql',
6 verbose install     'coffee-script',
6 verbose install     'uglify-js',
6 verbose install     'expresso',
6 verbose install     'mocha',
6 verbose install     'should',
6 verbose install     'chai' ] ]
7 verbose from cache /home/yuki/Projects/finalfaggotsy/package.json
8 info preinstall FinalFaggotsy@0.0.0
9 verbose read json /home/yuki/Projects/finalfaggotsy/node_modules/expresso/package.json
10 verbose read json /home/yuki/Projects/finalfaggotsy/node_modules/db-mysql/package.json
11 verbose read json /home/yuki/Projects/finalfaggotsy/node_modules/coffee-script/package.json
12 verbose read json /home/yuki/Projects/finalfaggotsy/node_modules/backbone/package.json
13 verbose read json /home/yuki/Projects/finalfaggotsy/node_modules/underscore/package.json
14 verbose read json /home/yuki/Projects/finalfaggotsy/node_modules/should/package.json
15 verbose read json /home/yuki/Projects/finalfaggotsy/node_modules/redis/package.json
16 verbose read json /home/yuki/Projects/finalfaggotsy/node_modules/socket.io/package.json
17 verbose read json /home/yuki/Projects/finalfaggotsy/node_modules/chai/package.json
18 verbose read json /home/yuki/Projects/finalfaggotsy/node_modules/uglify-js/package.json
19 verbose from cache /home/yuki/Projects/finalfaggotsy/package.json
20 verbose readDependencies using package.json deps
21 verbose from cache /home/yuki/Projects/finalfaggotsy/node_modules/expresso/package.json
22 verbose from cache /home/yuki/Projects/finalfaggotsy/node_modules/db-mysql/package.json
23 verbose from cache /home/yuki/Projects/finalfaggotsy/node_modules/coffee-script/package.json
24 verbose from cache /home/yuki/Projects/finalfaggotsy/node_modules/backbone/package.json
25 verbose from cache /home/yuki/Projects/finalfaggotsy/node_modules/underscore/package.json
26 verbose from cache /home/yuki/Projects/finalfaggotsy/node_modules/should/package.json
27 verbose from cache /home/yuki/Projects/finalfaggotsy/node_modules/redis/package.json
28 verbose from cache /home/yuki/Projects/finalfaggotsy/node_modules/socket.io/package.json
29 verbose from cache /home/yuki/Projects/finalfaggotsy/node_modules/chai/package.json
30 verbose read json /home/yuki/Projects/finalfaggotsy/node_modules/.bin/package.json
31 verbose from cache /home/yuki/Projects/finalfaggotsy/node_modules/uglify-js/package.json
32 verbose cache add [ 'mocha@1.4.x', null ]
33 silly cache add name=undefined spec="mocha@1.4.x" args=["mocha@1.4.x",null]
34 verbose parsed url { pathname: 'mocha@1.4.x',
34 verbose parsed url   path: 'mocha@1.4.x',
34 verbose parsed url   href: 'mocha@1.4.x' }
35 silly cache add name="mocha" spec="1.4.x" args=["mocha","1.4.x"]
36 verbose parsed url { pathname: '1.4.x', path: '1.4.x', href: '1.4.x' }
37 verbose addNamed [ 'mocha', '1.4.x' ]
38 verbose addNamed [ null, '>=1.4.0- <1.5.0-' ]
39 verbose already installed skipping chai@1.2.x /home/yuki/Projects/finalfaggotsy
40 verbose already installed skipping should@1.1.x /home/yuki/Projects/finalfaggotsy
41 silly lockFile 315e49ee-mocha-1-4-x mocha@1.4.x
42 verbose lock mocha@1.4.x /home/yuki/.npm/315e49ee-mocha-1-4-x.lock
43 silly addNameRange { name: 'mocha', range: '>=1.4.0- <1.5.0-', hasData: false }
44 verbose url raw mocha
45 verbose url resolving [ 'https://registry.npmjs.org/', './mocha' ]
46 verbose url resolved https://registry.npmjs.org/mocha
47 info retry registry request attempt 1 at 17:52:46
48 verbose etag "2P08NSX8J6F9DYZPBFERDWW96"
49 http GET https://registry.npmjs.org/mocha
50 verbose already installed skipping underscore@1.3.x /home/yuki/Projects/finalfaggotsy
51 verbose already installed skipping backbone@0.9.x /home/yuki/Projects/finalfaggotsy
52 verbose already installed skipping redis@0.7.x /home/yuki/Projects/finalfaggotsy
53 verbose already installed skipping socket.io@0.9.x /home/yuki/Projects/finalfaggotsy
54 verbose already installed skipping db-mysql@0.7.x /home/yuki/Projects/finalfaggotsy
55 verbose already installed skipping coffee-script@1.3.x /home/yuki/Projects/finalfaggotsy
56 verbose already installed skipping uglify-js@1.3.x /home/yuki/Projects/finalfaggotsy
57 verbose already installed skipping expresso@0.9.x /home/yuki/Projects/finalfaggotsy
58 http 304 https://registry.npmjs.org/mocha
59 silly registry.get cb [ 304,
59 silly registry.get   { server: 'CouchDB/1.2.0 (Erlang OTP/R15B)',
59 silly registry.get     etag: '"2P08NSX8J6F9DYZPBFERDWW96"',
59 silly registry.get     date: 'Fri, 24 Aug 2012 00:52:47 GMT',
59 silly registry.get     'content-length': '0' } ]
60 verbose etag mocha from cache
61 silly addNameRange number 2 { name: 'mocha', range: '>=1.4.0- <1.5.0-', hasData: true }
62 silly addNameRange versions [ 'mocha',
62 silly addNameRange   [ '0.0.1-alpha1',
62 silly addNameRange     '0.0.1-alpha2',
62 silly addNameRange     '0.0.1-alpha3',
62 silly addNameRange     '0.0.1-alpha4',
62 silly addNameRange     '0.0.1-alpha5',
62 silly addNameRange     '0.0.1-alpha6',
62 silly addNameRange     '0.0.1',
62 silly addNameRange     '0.0.2',
62 silly addNameRange     '0.0.3',
62 silly addNameRange     '0.0.4',
62 silly addNameRange     '0.0.5',
62 silly addNameRange     '0.0.6',
62 silly addNameRange     '0.0.7',
62 silly addNameRange     '0.0.8',
62 silly addNameRange     '0.1.0',
62 silly addNameRange     '0.2.0',
62 silly addNameRange     '0.3.0',
62 silly addNameRange     '0.3.1',
62 silly addNameRange     '0.3.2',
62 silly addNameRange     '0.3.3',
62 silly addNameRange     '0.3.4',
62 silly addNameRange     '0.3.6',
62 silly addNameRange     '0.4.0',
62 silly addNameRange     '0.5.0',
62 silly addNameRange     '0.6.0',
62 silly addNameRange     '0.7.0',
62 silly addNameRange     '0.7.1',
62 silly addNameRange     '0.8.0',
62 silly addNameRange     '0.8.1',
62 silly addNameRange     '0.9.0',
62 silly addNameRange     '0.10.0',
62 silly addNameRange     '0.10.1',
62 silly addNameRange     '0.10.2',
62 silly addNameRange     '0.11.0',
62 silly addNameRange     '0.12.0',
62 silly addNameRange     '0.12.1',
62 silly addNameRange     '0.13.0',
62 silly addNameRange     '0.14.0',
62 silly addNameRange     '0.14.1',
62 silly addNameRange     '1.0.0',
62 silly addNameRange     '1.0.1',
62 silly addNameRange     '1.0.2',
62 silly addNameRange     '1.0.3',
62 silly addNameRange     '1.1.0',
62 silly addNameRange     '1.2.0',
62 silly addNameRange     '1.2.1',
62 silly addNameRange     '1.2.2',
62 silly addNameRange     '1.3.0',
62 silly addNameRange     '1.3.1',
62 silly addNameRange     '1.3.2',
62 silly addNameRange     '1.4.0' ] ]
63 verbose addNamed [ 'mocha', '1.4.0' ]
64 verbose addNamed [ '1.4.0', '1.4.0' ]
65 silly lockFile c218e04e-mocha-1-4-0 mocha@1.4.0
66 verbose lock mocha@1.4.0 /home/yuki/.npm/c218e04e-mocha-1-4-0.lock
67 verbose read json /home/yuki/.npm/mocha/1.4.0/package/package.json
68 silly lockFile c218e04e-mocha-1-4-0 mocha@1.4.0
69 silly lockFile 315e49ee-mocha-1-4-x mocha@1.4.x
70 silly resolved [ { name: 'mocha',
70 silly resolved     version: '1.4.0',
70 silly resolved     description: 'simple, flexible, fun test framework',
70 silly resolved     keywords: [ 'test', 'bdd', 'tdd', 'tap' ],
70 silly resolved     author: { name: 'TJ Holowaychuk', email: 'tj@vision-media.ca' },
70 silly resolved     repository: { type: 'git', url: 'git://github.com/visionmedia/mocha.git' },
70 silly resolved     main: './index',
70 silly resolved     bin: { mocha: './bin/mocha', _mocha: './bin/_mocha' },
70 silly resolved     engines: { node: '>= 0.4.x' },
70 silly resolved     scripts: { test: 'make test-all' },
70 silly resolved     dependencies:
70 silly resolved      { commander: '0.6.1',
70 silly resolved        growl: '1.5.x',
70 silly resolved        jade: '0.26.3',
70 silly resolved        diff: '1.0.2',
70 silly resolved        debug: '*',
70 silly resolved        mkdirp: '0.3.3' },
70 silly resolved     devDependencies: { should: '*', 'coffee-script': '1.2' },
70 silly resolved     readme: ' [![Build Status](https://secure.travis-ci.org/visionmedia/mocha.png)](http://travis-ci.org/visionmedia/mocha)\n\n  [![Mocha test framework](http://f.cl.ly/items/3l1k0n2A1U3M1I1L210p/Screen%20Shot%202012-02-24%20at%202.21.43%20PM.png)](http://visionmedia.github.com/mocha)\n\n  Mocha is a simple, flexible, fun JavaScript test framework for node.js and the browser. For more information view the [documentation](http://visionmedia.github.com/mocha).\n\n## Contributors\n\n```\nproject: mocha\ncommits: 502\nfiles  : 86\nauthors: \n  352\tTj Holowaychuk          70.1%\n   98\tTJ Holowaychuk          19.5%\n   21\tGuillermo Rauch         4.2%\n    6\tJames Carr              1.2%\n    4\tJoshua Krall            0.8%\n    3\tBen Lindsey             0.6%\n    3\tNathan Rajlich          0.6%\n    2\tFARKAS Máté           0.4%\n    2\tQuang Van               0.4%\n    1\tSteve Mason             0.2%\n    1\tYuest Wang              0.2%\n    1\thokaccha                0.2%\n    1\tDavid Henderson         0.2%\n    1\tFedor Indutny           0.2%\n    1\tFredrik Lindin          0.2%\n    1\tHarry Brundage          0.2%\n    1\tKonstantin Käfer      0.2%\n    1\tMaciej Małecki         0.2%\n    1\tRaynos                  0.2%\n    1\tRyunosuke SATO          0.2%\n```\n\n## Links\n\n  - [Chai](https://github.com/chaijs/chai) - BDD, TDD, and assert for node & the browser\n  - [Should.js](http://github.com/visionmedia/should.js) - BDD style assertions for node\n  - [Expect.js](https://github.com/LearnBoost/expect.js) - BDD style assertions for node & the browser\n  - [Google Group](http://groups.google.com/group/mochajs)',
70 silly resolved     _id: 'mocha@1.4.0',
70 silly resolved     _from: 'mocha@1.4.x' } ]
71 info install mocha@1.4.0 into /home/yuki/Projects/finalfaggotsy
72 info installOne mocha@1.4.0
73 verbose from cache /home/yuki/.npm/mocha/1.4.0/package/package.json
74 info /home/yuki/Projects/finalfaggotsy/node_modules/mocha unbuild
75 verbose read json /home/yuki/Projects/finalfaggotsy/node_modules/mocha/package.json
76 verbose tar unpack /home/yuki/.npm/mocha/1.4.0/package.tgz
77 silly lockFile 88bed52e-finalfaggotsy-node-modules-mocha /home/yuki/Projects/finalfaggotsy/node_modules/mocha
78 verbose lock /home/yuki/Projects/finalfaggotsy/node_modules/mocha /home/yuki/.npm/88bed52e-finalfaggotsy-node-modules-mocha.lock
79 silly gunzTarPerm modes [ '777', '666' ]
80 verbose read json /home/yuki/Projects/finalfaggotsy/node_modules/mocha/package.json
81 silly lockFile 88bed52e-finalfaggotsy-node-modules-mocha /home/yuki/Projects/finalfaggotsy/node_modules/mocha
82 info /home/yuki/Projects/finalfaggotsy/node_modules/mocha unbuild
83 verbose read json /home/yuki/Projects/finalfaggotsy/node_modules/mocha/package.json
84 error Error: ENOENT, open '/home/yuki/Projects/finalfaggotsy/node_modules/mocha/package.json'
85 error If you need help, you may report this log at:
85 error     <http://github.com/isaacs/npm/issues>
85 error or email it to:
85 error     <npm-@googlegroups.com>
86 error System Linux 3.0.0-13-generic
87 error command "nodejs" "/usr/bin/npm" "install"
88 error cwd /home/yuki/Projects/finalfaggotsy
89 error node -v v0.8.7
90 error npm -v 1.1.49
91 error path /home/yuki/Projects/finalfaggotsy/node_modules/mocha/package.json
92 error code ENOENT
93 error errno 34
94 verbose exit [ 34, true ]
